[debug] [2022-05-17T15:00:29.906Z] ----------------------------------------------------------------------
[debug] [2022-05-17T15:00:29.908Z] Command:       C:\Program Files\nodejs\node.exe C:\Users\jesus\AppData\Roaming\npm\node_modules\firebase-tools\lib\bin\firebase.js init
[debug] [2022-05-17T15:00:29.908Z] CLI Version:   10.9.2
[debug] [2022-05-17T15:00:29.908Z] Platform:      win32
[debug] [2022-05-17T15:00:29.908Z] Node Version:  v16.14.2
[debug] [2022-05-17T15:00:29.910Z] Time:          Tue May 17 2022 10:00:29 GMT-0500 (hora de verano central)
[debug] [2022-05-17T15:00:29.910Z] ----------------------------------------------------------------------
[debug] 
[debug] [2022-05-17T15:00:29.918Z] > command requires scopes: ["email","openid","https://www.googleapis.com/auth/cloudplatformprojects.readonly","https://www.googleapis.com/auth/firebase","https://www.googleapis.com/auth/cloud-platform"]
[debug] [2022-05-17T15:00:29.918Z] > authorizing via signed-in user (jesusangel16300077@gmail.com)
[info] 
     ######## #### ########  ######## ########     ###     ######  ########
     ##        ##  ##     ## ##       ##     ##  ##   ##  ##       ##
     ######    ##  ########  ######   ########  #########  ######  ######
     ##        ##  ##    ##  ##       ##     ## ##     ##       ## ##
     ##       #### ##     ## ######## ########  ##     ##  ######  ########

You're about to initialize a Firebase project in this directory:

  C:\Users\jesus\Desktop\UDG\Programacionparainternet\Manga

[debug] [2022-05-17T15:00:35.835Z] Error: kill ENOSYS
    at process.kill (node:internal/process/per_thread:220:13)
    at process.listener (C:\Users\jesus\AppData\Roaming\npm\node_modules\firebase-tools\node_modules\signal-exit\index.js:95:15)
    at process.emit (node:events:526:28)
[error] 
[error] Error: An unexpected error has occurred.
